build/outputs/logs/manifest-merger-debug-report.txt
-- Merging decision tree log ---
manifest
ADDED from src\main\AndroidManifest.xml:2:1-49:12
INJECTED from src\main\AndroidManifest.xml:2:1-49:12
INJECTED from src\main\AndroidManifest.xml:2:1-49:12
INJECTED from src\main\AndroidManifest.xml:2:1-49:12
MERGED from [:UnityChannel:] AndroidManifest.xml:2:1-59:12
INJECTED from src\main\AndroidManifest.xml:2:1-49:12
INJECTED from src\main\AndroidManifest.xml:2:1-49:12
INJECTED from src\main\AndroidManifest.xml:2:1-49:12
	package
		ADDED from src\main\AndroidManifest.xml:2:70-97
		INJECTED from src\main\AndroidManifest.xml
		INJECTED from src\main\AndroidManifest.xml
	android:versionName
		ADDED from src\main\AndroidManifest.xml:2:146-171
		INJECTED from src\main\AndroidManifest.xml
		INJECTED from src\main\AndroidManifest.xml
	xmlns:android
		ADDED from src\main\AndroidManifest.xml:2:11-69
	android:versionCode
		ADDED from src\main\AndroidManifest.xml:2:172-195
		INJECTED from src\main\AndroidManifest.xml
		INJECTED from src\main\AndroidManifest.xml
	android:installLocation
		ADDED from src\main\AndroidManifest.xml:2:196-236
	android:theme
		ADDED from src\main\AndroidManifest.xml:2:98-145
uses-sdk
ADDED from src\main\AndroidManifest.xml:3:3-72
INJECTED from src\main\AndroidManifest.xml:3:3-72
MERGED from [:UnityChannel:] AndroidManifest.xml:7:5-43
MERGED from [:UnityChannel:] AndroidManifest.xml:7:5-43
INJECTED from src\main\AndroidManifest.xml:3:3-72
	android:targetSdkVersion
		ADDED from src\main\AndroidManifest.xml:3:40-69
		INJECTED from src\main\AndroidManifest.xml
		INJECTED from src\main\AndroidManifest.xml
	android:minSdkVersion
		ADDED from src\main\AndroidManifest.xml:3:13-39
uses-feature#android.hardware.camera
ADDED from src\main\AndroidManifest.xml:4:3-58
	android:name
		ADDED from src\main\AndroidManifest.xml:4:17-55
supports-screens
ADDED from src\main\AndroidManifest.xml:5:3-163
	android:largeScreens
		ADDED from src\main\AndroidManifest.xml:5:78-105
	android:smallScreens
		ADDED from src\main\AndroidManifest.xml:5:21-48
	android:normalScreens
		ADDED from src\main\AndroidManifest.xml:5:49-77
	android:xlargeScreens
		ADDED from src\main\AndroidManifest.xml:5:106-134
	android:anyDensity
		ADDED from src\main\AndroidManifest.xml:5:135-160
uses-permission#android.permission.INTERNET
ADDED from src\main\AndroidManifest.xml:6:3-65
MERGED from [:UnityChannel:] AndroidManifest.xml:15:5-67
MERGED from [:UnityChannel:] AndroidManifest.xml:15:5-67
	android:name
		ADDED from src\main\AndroidManifest.xml:6:20-62
uses-permission#android.permission.CAMERA
ADDED from src\main\AndroidManifest.xml:7:3-63
	android:name
		ADDED from src\main\AndroidManifest.xml:7:20-60
uses-permission#android.permission.ACCESS_NETWORK_STATE
ADDED from src\main\AndroidManifest.xml:8:3-77
MERGED from [:UnityChannel:] AndroidManifest.xml:16:5-79
MERGED from [:UnityChannel:] AndroidManifest.xml:16:5-79
	android:name
		ADDED from src\main\AndroidManifest.xml:8:20-74
uses-permission#android.permission.WRITE_EXTERNAL_STORAGE
ADDED from src\main\AndroidManifest.xml:9:3-79
MERGED from [:UnityChannel:] AndroidManifest.xml:10:5-81
MERGED from [:UnityChannel:] AndroidManifest.xml:10:5-81
	android:name
		ADDED from src\main\AndroidManifest.xml:9:20-76
application
ADDED from src\main\AndroidManifest.xml:10:3-42:17
MERGED from [:UnityChannel:] AndroidManifest.xml:21:5-57:19
MERGED from [:UnityChannel:] AndroidManifest.xml:21:5-57:19
	android:label
		ADDED from src\main\AndroidManifest.xml:10:50-82
	android:icon
		ADDED from src\main\AndroidManifest.xml:10:16-49
	android:banner
		ADDED from src\main\AndroidManifest.xml:10:164-201
	android:theme
		ADDED from src\main\AndroidManifest.xml:10:83-141
	android:isGame
		ADDED from src\main\AndroidManifest.xml:10:142-163
activity#com.AirMag.AirMag.UnityPlayerNativeActivity
ADDED from src\main\AndroidManifest.xml:11:5-18:16
	android:screenOrientation
		ADDED from src\main\AndroidManifest.xml:11:48-86
	android:label
		ADDED from src\main\AndroidManifest.xml:11:15-47
	android:launchMode
		ADDED from src\main\AndroidManifest.xml:11:87-118
	android:configChanges
		ADDED from src\main\AndroidManifest.xml:11:119-300
	android:name
		ADDED from src\main\AndroidManifest.xml:11:301-359
intent-filter#action:name:android.intent.action.MAIN+category:name:android.intent.category.LAUNCHER
ADDED from src\main\AndroidManifest.xml:12:7-15:23
action#android.intent.action.MAIN
ADDED from src\main\AndroidManifest.xml:13:9-61
	android:name
		ADDED from src\main\AndroidManifest.xml:13:17-58
category#android.intent.category.LAUNCHER
ADDED from src\main\AndroidManifest.xml:14:9-69
	android:name
		ADDED from src\main\AndroidManifest.xml:14:19-66
meta-data#unityplayer.UnityActivity
ADDED from src\main\AndroidManifest.xml:16:7-82
	android:value
		ADDED from src\main\AndroidManifest.xml:16:59-79
	android:name
		ADDED from src\main\AndroidManifest.xml:16:18-58
meta-data#unityplayer.ForwardNativeEventsToDalvik
ADDED from src\main\AndroidManifest.xml:17:7-97
	android:value
		ADDED from src\main\AndroidManifest.xml:17:73-94
	android:name
		ADDED from src\main\AndroidManifest.xml:17:18-72
activity#com.unity3d.player.VideoPlayer
ADDED from src\main\AndroidManifest.xml:19:5-20:16
	android:screenOrientation
		ADDED from src\main\AndroidManifest.xml:19:94-130
	android:label
		ADDED from src\main\AndroidManifest.xml:19:61-93
	android:configChanges
		ADDED from src\main\AndroidManifest.xml:19:131-288
	android:name
		ADDED from src\main\AndroidManifest.xml:19:15-60
activity#com.AirMag.AirMag.SignInActivity
ADDED from src\main\AndroidManifest.xml:21:5-27:16
	android:name
		ADDED from src\main\AndroidManifest.xml:21:15-62
uses-library#com.ti.s3d
ADDED from src\main\AndroidManifest.xml:33:5-72
	android:required
		ADDED from src\main\AndroidManifest.xml:33:45-69
	android:name
		ADDED from src\main\AndroidManifest.xml:33:19-44
uses-library#com.osterhoutgroup.api.ext
ADDED from src\main\AndroidManifest.xml:37:5-88
	android:required
		ADDED from src\main\AndroidManifest.xml:37:61-85
	android:name
		ADDED from src\main\AndroidManifest.xml:37:19-60
meta-data#unity.build-id
ADDED from src\main\AndroidManifest.xml:38:5-101
	android:value
		ADDED from src\main\AndroidManifest.xml:38:46-98
	android:name
		ADDED from src\main\AndroidManifest.xml:38:16-45
meta-data#unity.splash-mode
ADDED from src\main\AndroidManifest.xml:39:5-69
	android:value
		ADDED from src\main\AndroidManifest.xml:39:49-66
	android:name
		ADDED from src\main\AndroidManifest.xml:39:16-48
meta-data#unity.splash-enable
ADDED from src\main\AndroidManifest.xml:40:5-74
	android:value
		ADDED from src\main\AndroidManifest.xml:40:51-71
	android:name
		ADDED from src\main\AndroidManifest.xml:40:16-50
meta-data#android.max_aspect
ADDED from src\main\AndroidManifest.xml:41:5-72
	android:value
		ADDED from src\main\AndroidManifest.xml:41:50-69
	android:name
		ADDED from src\main\AndroidManifest.xml:41:16-49
uses-feature#0x00020000
ADDED from src\main\AndroidManifest.xml:43:3-52
	android:glEsVersion
		ADDED from src\main\AndroidManifest.xml:43:17-49
uses-feature#android.hardware.camera.autofocus
ADDED from src\main\AndroidManifest.xml:44:3-93
	android:required
		ADDED from src\main\AndroidManifest.xml:44:66-90
	android:name
		ADDED from src\main\AndroidManifest.xml:44:17-65
uses-feature#android.hardware.camera.front
ADDED from src\main\AndroidManifest.xml:45:3-89
	android:required
		ADDED from src\main\AndroidManifest.xml:45:62-86
	android:name
		ADDED from src\main\AndroidManifest.xml:45:17-61
uses-feature#android.hardware.touchscreen
ADDED from src\main\AndroidManifest.xml:46:3-88
	android:required
		ADDED from src\main\AndroidManifest.xml:46:61-85
	android:name
		ADDED from src\main\AndroidManifest.xml:46:17-60
uses-feature#android.hardware.touchscreen.multitouch
ADDED from src\main\AndroidManifest.xml:47:3-99
	android:required
		ADDED from src\main\AndroidManifest.xml:47:72-96
	android:name
		ADDED from src\main\AndroidManifest.xml:47:17-71
uses-feature#android.hardware.touchscreen.multitouch.distinct
ADDED from src\main\AndroidManifest.xml:48:3-108
	android:required
		ADDED from src\main\AndroidManifest.xml:48:81-105
	android:name
		ADDED from src\main\AndroidManifest.xml:48:17-80
uses-permission#android.permission.GET_TASKS
ADDED from [:UnityChannel:] AndroidManifest.xml:9:5-68
	android:name
		ADDED from [:UnityChannel:] AndroidManifest.xml:9:22-65
uses-permission#android.permission.ACCESS_WIFI_STATE
ADDED from [:UnityChannel:] AndroidManifest.xml:11:5-76
	android:name
		ADDED from [:UnityChannel:] AndroidManifest.xml:11:22-73
uses-permission#com.xiaomi.sdk.permission.PAYMENT
ADDED from [:UnityChannel:] AndroidManifest.xml:12:5-73
	android:name
		ADDED from [:UnityChannel:] AndroidManifest.xml:12:22-70
uses-permission#android.permission.READ_PHONE_STATE
ADDED from [:UnityChannel:] AndroidManifest.xml:13:5-75
	android:name
		ADDED from [:UnityChannel:] AndroidManifest.xml:13:22-72
uses-permission#android.permission.GET_ACCOUNTS
ADDED from [:UnityChannel:] AndroidManifest.xml:14:5-71
	android:name
		ADDED from [:UnityChannel:] AndroidManifest.xml:14:22-68
uses-permission#android.permission.ACCESS_COARSE_LOCATION
ADDED from [:UnityChannel:] AndroidManifest.xml:17:5-81
	android:name
		ADDED from [:UnityChannel:] AndroidManifest.xml:17:22-78
uses-permission#android.permission.ACCESS_FINE_LOCATION
ADDED from [:UnityChannel:] AndroidManifest.xml:18:5-79
	android:name
		ADDED from [:UnityChannel:] AndroidManifest.xml:18:22-76
uses-permission#com.xiaomi.permission.AUTH_SERVICE
ADDED from [:UnityChannel:] AndroidManifest.xml:19:5-74
	android:name
		ADDED from [:UnityChannel:] AndroidManifest.xml:19:22-71
activity#com.xiaomi.gamecenter.sdk.ui.MiActivity
ADDED from [:UnityChannel:] AndroidManifest.xml:24:9-29:20
	android:screenOrientation
		ADDED from [:UnityChannel:] AndroidManifest.xml:27:13-47
	android:configChanges
		ADDED from [:UnityChannel:] AndroidManifest.xml:26:13-59
	android:theme
		ADDED from [:UnityChannel:] AndroidManifest.xml:28:13-72
	android:name
		ADDED from [:UnityChannel:] AndroidManifest.xml:25:13-67
activity#com.xiaomi.gamecenter.sdk.ui.PayListActivity
ADDED from [:UnityChannel:] AndroidManifest.xml:30:9-34:75
	android:exported
		ADDED from [:UnityChannel:] AndroidManifest.xml:33:13-36
	android:configChanges
		ADDED from [:UnityChannel:] AndroidManifest.xml:32:13-59
	android:theme
		ADDED from [:UnityChannel:] AndroidManifest.xml:34:13-72
	android:name
		ADDED from [:UnityChannel:] AndroidManifest.xml:31:13-72
activity#com.xiaomi.gamecenter.alipay.HyAlipayActivity
ADDED from [:UnityChannel:] AndroidManifest.xml:35:9-39:75
	android:exported
		ADDED from [:UnityChannel:] AndroidManifest.xml:38:13-36
	android:configChanges
		ADDED from [:UnityChannel:] AndroidManifest.xml:37:13-59
	android:theme
		ADDED from [:UnityChannel:] AndroidManifest.xml:39:13-72
	android:name
		ADDED from [:UnityChannel:] AndroidManifest.xml:36:13-73
activity#com.xiaomi.account.openauth.AuthorizeActivity
ADDED from [:UnityChannel:] AndroidManifest.xml:40:9-44:75
	android:exported
		ADDED from [:UnityChannel:] AndroidManifest.xml:43:13-36
	android:configChanges
		ADDED from [:UnityChannel:] AndroidManifest.xml:42:13-59
	android:theme
		ADDED from [:UnityChannel:] AndroidManifest.xml:44:13-72
	android:name
		ADDED from [:UnityChannel:] AndroidManifest.xml:41:13-73
activity#com.xiaomi.gamecenter.wxwap.HyWxWappayActivity
ADDED from [:UnityChannel:] AndroidManifest.xml:45:9-49:75
	android:exported
		ADDED from [:UnityChannel:] AndroidManifest.xml:48:13-36
	android:configChanges
		ADDED from [:UnityChannel:] AndroidManifest.xml:47:13-59
	android:theme
		ADDED from [:UnityChannel:] AndroidManifest.xml:49:13-72
	android:name
		ADDED from [:UnityChannel:] AndroidManifest.xml:46:13-74
activity#com.alipay.sdk.app.H5PayActivity
ADDED from [:UnityChannel:] AndroidManifest.xml:50:9-55:70
	android:screenOrientation
		ADDED from [:UnityChannel:] AndroidManifest.xml:54:13-47
	android:windowSoftInputMode
		ADDED from [:UnityChannel:] AndroidManifest.xml:55:13-67
	android:exported
		ADDED from [:UnityChannel:] AndroidManifest.xml:53:13-37
	android:configChanges
		ADDED from [:UnityChannel:] AndroidManifest.xml:52:13-85
	android:name
		ADDED from [:UnityChannel:] AndroidManifest.xml:51:13-60
uses-permission#android.permission.READ_EXTERNAL_STORAGE
IMPLIED from src\main\AndroidManifest.xml:2:1-49:12 reason: com.unity.channel.sdk.editor.xiaomi requested WRITE_EXTERNAL_STORAGE